[INFO] Scanning for projects...
[INFO] 
[INFO] ------------------------< com.planno:dash-api >-------------------------
[INFO] Building  0.0.1-SNAPSHOT
[INFO]   from pom.xml
[INFO] --------------------------------[ jar ]---------------------------------
[INFO] 
[INFO] >>> spring-boot:4.0.5:run (default-cli) > test-compile @ dash-api >>>
[INFO] 
[INFO] --- resources:3.3.1:resources (default-resources) @ dash-api ---
[INFO] Copying 1 resource from src\main\resources to target\classes
[INFO] Copying 16 resources from src\main\resources to target\classes
[INFO] 
[INFO] --- compiler:3.14.1:compile (default-compile) @ dash-api ---
[INFO] Recompiling the module because of changed source code.
[INFO] Compiling 103 source files with javac [debug parameters release 21] to target\classes
[INFO] 
[INFO] --- resources:3.3.1:testResources (default-testResources) @ dash-api ---
[INFO] Not copying test resources
[INFO] 
[INFO] --- compiler:3.14.1:testCompile (default-testCompile) @ dash-api ---
[INFO] Not compiling test sources
[INFO] 
[INFO] <<< spring-boot:4.0.5:run (default-cli) < test-compile @ dash-api <<<
[INFO] 
[INFO] 
[INFO] --- spring-boot:4.0.5:run (default-cli) @ dash-api ---
[INFO] Attaching agents: []

  .   ____          _            __ _ _
 /\\ / ___'_ __ _ _(_)_ __  __ _ \ \ \ \
( ( )\___ | '_ | '_| | '_ \/ _` | \ \ \ \
 \\/  ___)| |_)| | | | | || (_| |  ) ) ) )
  '  |____| .__|_| |_|_| |_\__, | / / / /
 =========|_|==============|___/=/_/_/_/

 :: Spring Boot ::                (v4.0.5)

2026-04-08T15:58:32.434-03:00  INFO 27036 --- [dash-api] [           main] com.planno.dash_api.DashApiApplication   : Starting DashApiApplication using Java 25.0.2 with PID 27036 (D:\Projetos Planno\dash-api\target\classes started by Ilton Ferreira in D:\Projetos Planno\dash-api)
2026-04-08T15:58:32.436-03:00  INFO 27036 --- [dash-api] [           main] com.planno.dash_api.DashApiApplication   : No active profile set, falling back to 1 default profile: "default"
2026-04-08T15:58:32.953-03:00  INFO 27036 --- [dash-api] [           main] .s.d.r.c.RepositoryConfigurationDelegate : Bootstrapping Spring Data JPA repositories in DEFAULT mode.
2026-04-08T15:58:33.009-03:00  INFO 27036 --- [dash-api] [           main] .s.d.r.c.RepositoryConfigurationDelegate : Finished Spring Data repository scanning in 46 ms. Found 9 JPA repository interfaces.
2026-04-08T15:58:33.376-03:00  INFO 27036 --- [dash-api] [           main] o.s.boot.tomcat.TomcatWebServer          : Tomcat initialized with port 8080 (http)
2026-04-08T15:58:33.388-03:00  INFO 27036 --- [dash-api] [           main] o.apache.catalina.core.StandardService   : Starting service [Tomcat]
2026-04-08T15:58:33.389-03:00  INFO 27036 --- [dash-api] [           main] o.apache.catalina.core.StandardEngine    : Starting Servlet engine: [Apache Tomcat/11.0.20]
2026-04-08T15:58:33.424-03:00  INFO 27036 --- [dash-api] [           main] b.w.c.s.WebApplicationContextInitializer : Root WebApplicationContext: initialization completed in 951 ms
2026-04-08T15:58:33.671-03:00  INFO 27036 --- [dash-api] [           main] com.zaxxer.hikari.HikariDataSource       : HikariPool-1 - Starting...
2026-04-08T15:58:35.661-03:00  INFO 27036 --- [dash-api] [           main] com.zaxxer.hikari.pool.HikariPool        : HikariPool-1 - Added connection org.postgresql.jdbc.PgConnection@36871e98
2026-04-08T15:58:35.666-03:00  INFO 27036 --- [dash-api] [           main] com.zaxxer.hikari.HikariDataSource       : HikariPool-1 - Start completed.
2026-04-08T15:58:35.850-03:00  INFO 27036 --- [dash-api] [           main] org.flywaydb.core.FlywayExecutor         : Database: jdbc:postgresql://ep-small-frost-amlt4kpp-pooler.c-5.us-east-1.aws.neon.tech/neondb?sslmode=require&channelBinding=require (PostgreSQL 17.8)
2026-04-08T15:58:38.166-03:00  INFO 27036 --- [dash-api] [           main] o.f.core.internal.command.DbValidate     : Successfully validated 12 migrations (execution time 00:00.713s)
2026-04-08T15:58:40.683-03:00  INFO 27036 --- [dash-api] [           main] o.f.core.internal.command.DbMigrate      : Current version of schema "public": 11
2026-04-08T15:58:40.934-03:00  INFO 27036 --- [dash-api] [           main] o.f.core.internal.command.DbMigrate      : Schema "public" is up to date. No migration necessary.
2026-04-08T15:58:42.218-03:00  INFO 27036 --- [dash-api] [           main] org.hibernate.orm.jpa                    : HHH008540: Processing PersistenceUnitInfo [name: default]
2026-04-08T15:58:42.251-03:00  INFO 27036 --- [dash-api] [           main] org.hibernate.orm.core                   : HHH000001: Hibernate ORM core version 7.2.7.Final
2026-04-08T15:58:42.511-03:00  INFO 27036 --- [dash-api] [           main] o.s.o.j.p.SpringPersistenceUnitInfo      : No LoadTimeWeaver setup: ignoring JPA class transformer
2026-04-08T15:58:42.716-03:00  WARN 27036 --- [dash-api] [           main] org.hibernate.orm.deprecation            : HHH90000025: PostgreSQLDialect does not need to be specified explicitly using 'hibernate.dialect' (remove the property setting and it will be selected by default)
2026-04-08T15:58:43.176-03:00  INFO 27036 --- [dash-api] [           main] org.hibernate.orm.connections.pooling    : HHH10001005: Database info:
	Database JDBC URL [jdbc:postgresql://ep-small-frost-amlt4kpp-pooler.c-5.us-east-1.aws.neon.tech/neondb?sslmode=require&channelBinding=require]
	Database driver: PostgreSQL JDBC Driver
	Database dialect: PostgreSQLDialect
	Database version: 17.8
	Default catalog/schema: neondb/public
	Autocommit mode: undefined/unknown
	Isolation level: READ_COMMITTED [default READ_COMMITTED]
	JDBC fetch size: none
	Pool: DataSourceConnectionProvider
	Minimum pool size: undefined/unknown
	Maximum pool size: undefined/unknown
2026-04-08T15:58:43.966-03:00  INFO 27036 --- [dash-api] [           main] org.hibernate.orm.core                   : HHH000489: No JTA platform available (set 'hibernate.transaction.jta.platform' to enable JTA platform integration)
2026-04-08T15:58:44.950-03:00  INFO 27036 --- [dash-api] [           main] j.LocalContainerEntityManagerFactoryBean : Initialized JPA EntityManagerFactory for persistence unit 'default'
2026-04-08T15:58:45.009-03:00  INFO 27036 --- [dash-api] [           main] o.s.d.j.r.query.QueryEnhancerFactories   : Hibernate is in classpath; If applicable, HQL parser will be used.
2026-04-08T15:58:45.889-03:00  WARN 27036 --- [dash-api] [           main] .s.a.UserDetailsServiceAutoConfiguration : 

Using generated security password: 570fbdfc-5597-4f86-b989-6f1c473d960c

This generated password is for development use only. Your security configuration must be updated before running your application in production.

2026-04-08T15:58:45.899-03:00  INFO 27036 --- [dash-api] [           main] r$InitializeUserDetailsManagerConfigurer : Global AuthenticationManager configured with UserDetailsService bean with name inMemoryUserDetailsManager
2026-04-08T15:58:46.221-03:00  INFO 27036 --- [dash-api] [           main] o.s.boot.tomcat.TomcatWebServer          : Tomcat started on port 8080 (http) with context path '/'
2026-04-08T15:58:46.228-03:00  INFO 27036 --- [dash-api] [           main] com.planno.dash_api.DashApiApplication   : Started DashApiApplication in 14.063 seconds (process running for 14.339)
2026-04-08T15:59:02.226-03:00  INFO 27036 --- [dash-api] [nio-8080-exec-2] o.a.c.c.C.[Tomcat].[localhost].[/]       : Initializing Spring DispatcherServlet 'dispatcherServlet'
2026-04-08T15:59:02.229-03:00  INFO 27036 --- [dash-api] [nio-8080-exec-2] o.s.web.servlet.DispatcherServlet        : Initializing Servlet 'dispatcherServlet'
2026-04-08T15:59:02.230-03:00  INFO 27036 --- [dash-api] [nio-8080-exec-2] o.s.web.servlet.DispatcherServlet        : Completed initialization in 1 ms
[INFO] ------------------------------------------------------------------------
[INFO] BUILD FAILURE
[INFO] ------------------------------------------------------------------------
[INFO] Total time:  11:26 min
[INFO] Finished at: 2026-04-08T16:09:53-03:00
[INFO] ------------------------------------------------------------------------
[ERROR] Failed to execute goal org.springframework.boot:spring-boot-maven-plugin:4.0.5:run (default-cli) on project dash-api: Process terminated with exit code: -1 -> [Help 1]
[ERROR] 
[ERROR] To see the full stack trace of the errors, re-run Maven with the -e switch.
[ERROR] Re-run Maven using the -X switch to enable full debug logging.
[ERROR] 
[ERROR] For more information about the errors and possible solutions, please read the following articles:
[ERROR] [Help 1] http://cwiki.apache.org/confluence/display/MAVEN/MojoExecutionException
