[INFO] Scanning for projects...
[INFO] 
[INFO] ------------------------< com.planno:dash-api >-------------------------
[INFO] Building  0.0.1-SNAPSHOT
[INFO]   from pom.xml
[INFO] --------------------------------[ jar ]---------------------------------
[INFO] 
[INFO] >>> spring-boot:4.0.5:run (default-cli) > test-compile @ dash-api >>>
[INFO] 
[INFO] --- resources:3.3.1:resources (default-resources) @ dash-api ---
[INFO] Copying 1 resource from src\main\resources to target\classes
[INFO] Copying 18 resources from src\main\resources to target\classes
[INFO] 
[INFO] --- compiler:3.14.1:compile (default-compile) @ dash-api ---
[INFO] Nothing to compile - all classes are up to date.
[INFO] 
[INFO] --- resources:3.3.1:testResources (default-testResources) @ dash-api ---
[INFO] Not copying test resources
[INFO] 
[INFO] --- compiler:3.14.1:testCompile (default-testCompile) @ dash-api ---
[INFO] Not compiling test sources
[INFO] 
[INFO] <<< spring-boot:4.0.5:run (default-cli) < test-compile @ dash-api <<<
[INFO] 
[INFO] 
[INFO] --- spring-boot:4.0.5:run (default-cli) @ dash-api ---
[INFO] Attaching agents: []

  .   ____          _            __ _ _
 /\\ / ___'_ __ _ _(_)_ __  __ _ \ \ \ \
( ( )\___ | '_ | '_| | '_ \/ _` | \ \ \ \
 \\/  ___)| |_)| | | | | || (_| |  ) ) ) )
  '  |____| .__|_| |_|_| |_\__, | / / / /
 =========|_|==============|___/=/_/_/_/

 :: Spring Boot ::                (v4.0.5)

2026-04-08T16:53:29.423-03:00  INFO 3596 --- [dash-api] [           main] com.planno.dash_api.DashApiApplication   : Starting DashApiApplication using Java 25.0.2 with PID 3596 (D:\Projetos Planno\dash-api\target\classes started by Ilton Ferreira in D:\Projetos Planno\dash-api)
2026-04-08T16:53:29.425-03:00  INFO 3596 --- [dash-api] [           main] com.planno.dash_api.DashApiApplication   : No active profile set, falling back to 1 default profile: "default"
2026-04-08T16:53:29.932-03:00  INFO 3596 --- [dash-api] [           main] .s.d.r.c.RepositoryConfigurationDelegate : Bootstrapping Spring Data JPA repositories in DEFAULT mode.
2026-04-08T16:53:29.987-03:00  INFO 3596 --- [dash-api] [           main] .s.d.r.c.RepositoryConfigurationDelegate : Finished Spring Data repository scanning in 49 ms. Found 11 JPA repository interfaces.
2026-04-08T16:53:30.378-03:00  INFO 3596 --- [dash-api] [           main] o.s.boot.tomcat.TomcatWebServer          : Tomcat initialized with port 8080 (http)
2026-04-08T16:53:30.387-03:00  INFO 3596 --- [dash-api] [           main] o.apache.catalina.core.StandardService   : Starting service [Tomcat]
2026-04-08T16:53:30.388-03:00  INFO 3596 --- [dash-api] [           main] o.apache.catalina.core.StandardEngine    : Starting Servlet engine: [Apache Tomcat/11.0.20]
2026-04-08T16:53:30.422-03:00  INFO 3596 --- [dash-api] [           main] b.w.c.s.WebApplicationContextInitializer : Root WebApplicationContext: initialization completed in 958 ms
2026-04-08T16:53:30.690-03:00  INFO 3596 --- [dash-api] [           main] com.zaxxer.hikari.HikariDataSource       : HikariPool-1 - Starting...
2026-04-08T16:53:32.707-03:00  INFO 3596 --- [dash-api] [           main] com.zaxxer.hikari.pool.HikariPool        : HikariPool-1 - Added connection org.postgresql.jdbc.PgConnection@3cb04dd
2026-04-08T16:53:32.711-03:00  INFO 3596 --- [dash-api] [           main] com.zaxxer.hikari.HikariDataSource       : HikariPool-1 - Start completed.
2026-04-08T16:53:32.904-03:00  INFO 3596 --- [dash-api] [           main] org.flywaydb.core.FlywayExecutor         : Database: jdbc:postgresql://ep-small-frost-amlt4kpp-pooler.c-5.us-east-1.aws.neon.tech/neondb?sslmode=require&channelBinding=require (PostgreSQL 17.8)
2026-04-08T16:53:35.088-03:00  INFO 3596 --- [dash-api] [           main] o.f.core.internal.command.DbValidate     : Successfully validated 14 migrations (execution time 00:00.654s)
2026-04-08T16:53:37.045-03:00  INFO 3596 --- [dash-api] [           main] o.f.core.internal.command.DbMigrate      : Current version of schema "public": 11
2026-04-08T16:53:37.519-03:00  INFO 3596 --- [dash-api] [           main] o.f.core.internal.command.DbMigrate      : Migrating schema "public" to version "12 - create table google drive connections"
2026-04-08T16:53:40.505-03:00  INFO 3596 --- [dash-api] [           main] o.f.core.internal.command.DbMigrate      : Migrating schema "public" to version "13 - create table google drive oauth states"
2026-04-08T16:53:43.097-03:00  INFO 3596 --- [dash-api] [           main] o.f.core.internal.command.DbMigrate      : Successfully applied 2 migrations to schema "public", now at version v13 (execution time 00:02.095s)
2026-04-08T16:53:44.059-03:00  INFO 3596 --- [dash-api] [           main] org.hibernate.orm.jpa                    : HHH008540: Processing PersistenceUnitInfo [name: default]
2026-04-08T16:53:44.087-03:00  INFO 3596 --- [dash-api] [           main] org.hibernate.orm.core                   : HHH000001: Hibernate ORM core version 7.2.7.Final
2026-04-08T16:53:44.351-03:00  INFO 3596 --- [dash-api] [           main] o.s.o.j.p.SpringPersistenceUnitInfo      : No LoadTimeWeaver setup: ignoring JPA class transformer
2026-04-08T16:53:44.539-03:00  WARN 3596 --- [dash-api] [           main] org.hibernate.orm.deprecation            : HHH90000025: PostgreSQLDialect does not need to be specified explicitly using 'hibernate.dialect' (remove the property setting and it will be selected by default)
2026-04-08T16:53:45.001-03:00  INFO 3596 --- [dash-api] [           main] org.hibernate.orm.connections.pooling    : HHH10001005: Database info:
	Database JDBC URL [jdbc:postgresql://ep-small-frost-amlt4kpp-pooler.c-5.us-east-1.aws.neon.tech/neondb?sslmode=require&channelBinding=require]
	Database driver: PostgreSQL JDBC Driver
	Database dialect: PostgreSQLDialect
	Database version: 17.8
	Default catalog/schema: neondb/public
	Autocommit mode: undefined/unknown
	Isolation level: READ_COMMITTED [default READ_COMMITTED]
	JDBC fetch size: none
	Pool: DataSourceConnectionProvider
	Minimum pool size: undefined/unknown
	Maximum pool size: undefined/unknown
2026-04-08T16:53:45.785-03:00  INFO 3596 --- [dash-api] [           main] org.hibernate.orm.core                   : HHH000489: No JTA platform available (set 'hibernate.transaction.jta.platform' to enable JTA platform integration)
2026-04-08T16:53:46.569-03:00  INFO 3596 --- [dash-api] [           main] j.LocalContainerEntityManagerFactoryBean : Initialized JPA EntityManagerFactory for persistence unit 'default'
2026-04-08T16:53:46.617-03:00  INFO 3596 --- [dash-api] [           main] o.s.d.j.r.query.QueryEnhancerFactories   : Hibernate is in classpath; If applicable, HQL parser will be used.
2026-04-08T16:53:47.482-03:00  INFO 3596 --- [dash-api] [           main] r$InitializeUserDetailsManagerConfigurer : Global AuthenticationManager configured with UserDetailsService bean with name userDetailsService
2026-04-08T16:53:47.812-03:00  INFO 3596 --- [dash-api] [           main] o.s.boot.tomcat.TomcatWebServer          : Tomcat started on port 8080 (http) with context path '/'
2026-04-08T16:53:47.815-03:00  INFO 3596 --- [dash-api] [           main] com.planno.dash_api.DashApiApplication   : Started DashApiApplication in 18.637 seconds (process running for 18.892)
2026-04-08T16:57:16.829-03:00  INFO 3596 --- [dash-api] [nio-8080-exec-1] o.a.c.c.C.[Tomcat].[localhost].[/]       : Initializing Spring DispatcherServlet 'dispatcherServlet'
2026-04-08T16:57:16.829-03:00  INFO 3596 --- [dash-api] [nio-8080-exec-1] o.s.web.servlet.DispatcherServlet        : Initializing Servlet 'dispatcherServlet'
2026-04-08T16:57:16.831-03:00  INFO 3596 --- [dash-api] [nio-8080-exec-1] o.s.web.servlet.DispatcherServlet        : Completed initialization in 2 ms
