[1m[33m
Warning: This is a simple server for use in testing or debugging Angular applications
locally. It hasn't been reviewed for security issues.

Binding this server to an open connection can result in compromising your application or
computer. Using a different host than the one passed to the "--host" flag might result in
websocket connection issues.
    [39m[22m
[1m[31m[31mX [41;31m[[41;97mERROR[41;31m][0m [1mTS2339: Property 'checkoutCount' does not exist on type 'PaymentsPageComponent'.[0m [1m[35m[plugin angular-compiler][0m

    src/app/pages/payments/payments.page.html:29:17:
[37m      29 │       <strong>{{ [32mcheckoutCount[37m() }}</strong>
         ╵                  [32m~~~~~~~~~~~~~[0m

  Error occurs in the template of component PaymentsPageComponent.

    src/app/pages/payments/payments.page.ts:14:15:
[37m      14 │   templateUrl: [32m'./payments.page.html'[37m,
         ╵                [32m~~~~~~~~~~~~~~~~~~~~~~[0m


[31mX [41;31m[[41;97mERROR[41;31m][0m [1mTS2339: Property 'authStore' does not exist on type 'SubscriptionsPageComponent'.[0m [1m[35m[plugin angular-compiler][0m

    src/app/pages/subscriptions/subscriptions.page.html:46:66:
[37m      46 │ ...type="submit" [disabled]="![32mauthStore[37m.isAuthenticated() || subsc...
         ╵                               [32m~~~~~~~~~[0m

  Error occurs in the template of component SubscriptionsPageComponent.

    src/app/pages/subscriptions/subscriptions.page.ts:12:15:
[37m      12 │   templateUrl: [32m'./subscriptions.page.html'[37m,
         ╵                [32m~~~~~~~~~~~~~~~~~~~~~~~~~~~[0m


[31mX [41;31m[[41;97mERROR[41;31m][0m [1mTS2339: Property 'createCheckout' does not exist on type 'SubscriptionsPageComponent'.[0m [1m[35m[plugin angular-compiler][0m

    src/app/pages/subscriptions/subscriptions.page.html:77:66:
[37m      77 │ ..." type="button" (click)="[32mcreateCheckout[37m(subscription.id)">Check...
         ╵                             [32m~~~~~~~~~~~~~~[0m

  Error occurs in the template of component SubscriptionsPageComponent.

    src/app/pages/subscriptions/subscriptions.page.ts:12:15:
[37m      12 │   templateUrl: [32m'./subscriptions.page.html'[37m,
         ╵                [32m~~~~~~~~~~~~~~~~~~~~~~~~~~~[0m

[39m[22m
